# /home/ystatter/mengo/maths/misc/equality.c
14: #define int64_min (((int64_t) -1) << 63)
26:     int64_t aInt, bInt, intDiff;
47:         aInt = int64_min - aInt;
53:         bInt = int64_min - bInt;
# /home/ystatter/mengo/bdb/db-6.0.30/lang/tcl/tcl_internal.c
248:  * PUBLIC:     Tcl_Obj *, void *, int64_t));
255: 	int64_t elem2;
# /home/ystatter/mengo/bdb/db-6.0.30/build_vxworks/util/db_tuner.c
1163: 	u_int64_t minispace, ttpgcnt[NUM_PGSIZES], ttspace[NUM_PGSIZES];
# /home/ystatter/mengo/bdb/db-6.0.30/build_vxworks/db.h
72: typedef unsigned long long u_int64_t;
96: typedef int64_t db_off_t;
111: typedef int64_t db_seq_t;
# /home/ystatter/mengo/bdb/db-6.0.30/util/db_tuner.c
1148: 	u_int64_t minispace, ttpgcnt[NUM_PGSIZES], ttspace[NUM_PGSIZES];
# /home/ystatter/mengo/bdb/db-6.0.30/build_windows/db.h
88: typedef __int64 int64_t;
89: typedef unsigned __int64 u_int64_t;
120: typedef u_int64_t uintmax_t;
123: typedef u_int64_t uintptr_t;
133: typedef int64_t off_t;
134: typedef int64_t db_off_t;
142: typedef int64_t ssize_t;
155: typedef int64_t db_seq_t;
# /home/ystatter/mengo/bdb/db-6.0.30/src/os_windows/os_seek.c
28: 		__int64 bigint;
# /home/ystatter/mengo/bdb/db-6.0.30/src/os_windows/os_map.c
279: 	unsigned __int64 len64;
# /home/ystatter/mengo/bdb/db-6.0.30/src/os_windows/os_truncate.c
28: 		__int64 bigint;
89: 	RETRY_CHK((off.bigint = (__int64)pgsize * pgno + relative,
# /home/ystatter/mengo/bdb/db-6.0.30/src/os_windows/ce_ctime.c
26: 	__int64 i64_tod;
29: 	static const __int64 SECS_BETWEEN_EPOCHS = 11644473600;
30: 	static const __int64 SECS_TO_100NS = 10000000; /* 10^7 */
# /home/ystatter/mengo/bdb/db-6.0.30/src/os_windows/os_stat.c
200: 	unsigned __int64 filesize;
210: 	filesize = ((unsigned __int64)bhfi.nFileSizeHigh << 32) +
# /home/ystatter/mengo/bdb/db-6.0.30/src/os_windows/ce_localtime.c
29: 	int64_t t64;
# /home/ystatter/mengo/bdb/db-6.0.30/src/os_windows/os_flock.c
57: 	DB_ASSERT(env, offset < (u_int64_t)INT64_MAX);
# /home/ystatter/mengo/bdb/db-6.0.30/src/fileops/fop_basic.c
427: 			    (u_int32_t)appname, (u_int64_t)cur_off,
# /home/ystatter/mengo/bdb/db-6.0.30/src/common/db_compint.c
112:  * PUBLIC: u_int32_t __db_compress_count_int __P((u_int64_t));
116: 	u_int64_t i;
143:  * PUBLIC: int __db_compress_int __P((u_int8_t *, u_int64_t));
148: 	u_int64_t i;
315:  * PUBLIC: int __db_decompress_int __P((const u_int8_t *, u_int64_t *));
320: 	u_int64_t *i;
323: 	u_int64_t tmp;
# /home/ystatter/mengo/bdb/db-6.0.30/src/sequence/sequence.c
1028: 	if ((u_int32_t)cachesize > (u_int64_t)max - (u_int64_t)min) {
# /home/ystatter/mengo/bdb/db-6.0.30/src/dbinc/db_swap.h
52: 	u_int64_t _tmp;							\
53: 	_tmp = (u_int64_t)a;						\
87: 	u_int64_t _tmp;							\
158: 	(p) += sizeof(u_int64_t);					\
252: 		memcpy((x), (p), sizeof(u_int64_t));			\
# /home/ystatter/mengo/bdb/db-6.0.30/src/dbinc/tcl_db.h
219: 	result = _SetListElemWideInt(interp, res, (s), (int64_t)(v));	\
# /home/ystatter/mengo/bdb/db-6.0.30/src/dbinc/db_page.h
421: 	u_int64_t id;			/* 56-63: Blob file identifier. */
422: 	u_int64_t size;			/* 64-71: Blob file size. */
423: 	u_int64_t file_id;		/* 72-80: File directory. */
749: 	u_int64_t id;			/* 48-55: Blob file identifier. */
750: 	u_int64_t size;			/* 56-63: Blob file size. */
751: 	u_int64_t file_id;		/* 64-71: File directory. */
752: 	u_int64_t sdb_id;		/* 72-79: Subdb that owns this blob. */
759:  * Return a off_t version of the u_int64_t blob size.
778: 	u_int64_t tmp;							\
779: 	tmp = (u_int64_t)(v);						\
781: 	    &tmp, sizeof(u_int64_t));					\
886: 	u_int64_t id;			/* 48-55: Blob file identifier. */
887: 	u_int64_t size;			/* 56-63: Blob file size. */
888: 	u_int64_t file_id;		/* 64-71: File directory. */
889: 	u_int64_t sdb_id;		/* 72-79: Subdb that owns this blob. */
# /home/ystatter/mengo/bdb/db-6.0.30/src/dbinc_auto/common_ext.h
14: u_int32_t __db_compress_count_int __P((u_int64_t));
15: int __db_compress_int __P((u_int8_t *, u_int64_t));
17: int __db_decompress_int __P((const u_int8_t *, u_int64_t *));
# /home/ystatter/mengo/bdb/db-6.0.30/src/dbinc_auto/fileops_auto.h
177: 	u_int64_t	offset;
186:     const DBT *name, const DBT *dirname, u_int32_t appname, u_int64_t offset, const DBT *old_data,
193: 	    sizeof(u_int64_t) + LOG_DBT_SIZE(old_data) + LOG_DBT_SIZE(new_data) +
# /home/ystatter/mengo/bdb/db-6.0.30/src/dbinc_auto/tcl_ext.h
47: int _SetListElemWideInt __P((Tcl_Interp *, Tcl_Obj *, void *, int64_t));
# /home/ystatter/mengo/bdb/db-6.0.30/src/log/log_get.c
1541: 			bp += sizeof(u_int64_t);
# /home/ystatter/mengo/bdb/db-6.0.30/src/log/log_print.c
41: 	u_int64_t ulltmp;
# /home/ystatter/mengo/bdb/db-6.0.30/src/log/log_put.c
1808: 	u_int64_t ulltmp;
1928: 			ulltmp = va_arg(argp, u_int64_t);
# /home/ystatter/mengo/bdb/db-6.0.30/src/env/env_failchk.c
543: 	    DB_THREADID_STRLEN, fmt, (u_int64_t)pid, (u_int64_t)(uintptr_t)tid);
552: 	snprintf(buf, DB_THREADID_STRLEN, fmt, (u_int64_t)pid);
# /home/ystatter/mengo/bdb/db-6.0.30/src/env/env_alloc.c
104: 		if ((len) <= (u_int64_t)1024 << i)			\
# /home/ystatter/mengo/bdb/db-6.0.30/src/env/env_recover.c
935: 	 * log for fop_write_file into a single int64.
# /home/ystatter/mengo/bdb/db-6.0.30/examples/c/ex_sequence.c
101: 		printf("Got sequence number %I64d\n", (int64_t)seqnum);
# /home/ystatter/mengo/bdb/db-6.0.30/build_android/sql/config.h
22: /* Define to 1 if the system has the type `int64_t'. */
67: /* Define to 1 if the system has the type `uint64_t'. */
# /home/ystatter/mengo/bdb/db-6.0.30/build_android/db.h
97: typedef int64_t db_off_t;
112: typedef int64_t db_seq_t;
# /home/ystatter/mengo/bdb/db-6.0.30/build_wince/db.h
88: typedef __int64 int64_t;
89: typedef unsigned __int64 u_int64_t;
120: typedef u_int64_t uintmax_t;
123: typedef u_int64_t uintptr_t;
133: typedef int64_t off_t;
134: typedef int64_t db_off_t;
142: typedef int64_t ssize_t;
155: typedef int64_t db_seq_t;
# /home/ystatter/mengo/ngspice/ngspice.h
195:     static const __int64 global_nan = 0x7ff8000000000000i64;
# /home/ystatter/mengo/ramspice_types.h
18:     typedef int64_t ordinal;
